p
p
c
c
Traceback (most recent call last):
  File "./GemReads.py", line 834, in <module>
    main(sys.argv[1:])
  File "./GemReads.py", line 755, in main
    refDict,genDict,comDict,refList=getMet(direct,genDirect, abund)
  File "./GemReads.py", line 123, in getMet
    rD, cD,choice=getRef(file)
  File "./GemReads.py", line 69, in getRef
    ref+=i.rstrip()
KeyboardInterrupt
Cannot find reference file ./Genomes/abd.fake.genome. Please check pathname.
p
p
c
c
l
l
f
f
v
v
f
f
e
e
p
p
adb
adb
e
e
s
s
b
b
r
r
l
l
p
p
b
b
s
s
n
n
p
p
b
b
c
c
p
p
c
c
l
l
f
f
v
v
f
f
e
e
p
p
adb
adb
e
e
s
s
b
b
r
r
l
l
p
p
b
b
s
s
n
n
p
p
b
b
c
c
p
p
c
c
l
l
vdb
vdb
f
f
v
v
f
f
e
e
p
p
e
e
s
s
b
b
r
r
l
l
p
p
b
b
s
s
n
n
p
p
b
b
c
c
p
p
c
c
l
l
f
f
v
v
f
f
e
e
p
p
adb
adb
e
e
s
s
b
b
r
r
l
l
p
p
b
b
s
s
n
n
p
p
b
b
c
c
